
Showing logs for build [32mcb-kubecd-environment-pr-1407-1-zms7g-1[0m stage [32mfrom-build-pack[0m and container [32mstep-credential-initializer-vqhvb[0m
{"level":"warn","ts":1586957192.6587148,"logger":"fallback-logger","caller":"logging/config.go:69","msg":"Fetch GitHub commit ID from kodata failed: \"ref: refs/heads/0.8.0-**-support-backwards-incompats\" is not a valid GitHub commit ID"}
{"level":"info","ts":1586957192.659611,"logger":"fallback-logger","caller":"creds-init/main.go:40","msg":"Credentials initialized."}

Showing logs for build [32mcb-kubecd-environment-pr-1407-1-zms7g-1[0m stage [32mfrom-build-pack[0m and container [32mstep-working-dir-initializer-2btwb[0m
{"level":"warn","ts":1586957193.6554027,"logger":"fallback-logger","caller":"logging/config.go:69","msg":"Fetch GitHub commit ID from kodata failed: open /var/run/ko/HEAD: no such file or directory"}
{"level":"info","ts":1586957193.657403,"logger":"fallback-logger","caller":"bash/main.go:64","msg":"Successfully executed command \"sh -c mkdir -p /workspace/source\"; output "}

Showing logs for build [32mcb-kubecd-environment-pr-1407-1-zms7g-1[0m stage [32mfrom-build-pack[0m and container [32mstep-place-tools[0m

Showing logs for build [32mcb-kubecd-environment-pr-1407-1-zms7g-1[0m stage [32mfrom-build-pack[0m and container [32mstep-git-source-cb-kubecd-environment-pr-1407-1-zms7g-j5wct[0m
{"level":"warn","ts":1586957199.7859328,"logger":"fallback-logger","caller":"logging/config.go:69","msg":"Fetch GitHub commit ID from kodata failed: \"ref: refs/heads/0.8.0-**-support-backwards-incompats\" is not a valid GitHub commit ID"}
{"level":"info","ts":1586957200.9777691,"logger":"fallback-logger","caller":"git/git.go:103","msg":"Successfully cloned https://github.com/cb-kubecd/environment-pr-1407-14-bdd-frontend-staging.git @ master in path /workspace/source"}

Showing logs for build [32mcb-kubecd-environment-pr-1407-1-zms7g-1[0m stage [32mfrom-build-pack[0m and container [32mstep-git-merge[0m
Using SHAs from PULL_REFS=master:ecda4b5474fef829208d2904f1300e86d6d0b04c,1:042381a4446fca514299f45d28fd22db7fa374ed
DEBUG: LC_ALL=C JX_LOG_LEVEL=error git fetch origin --unshallow 042381a4446fca514299f45d28fd22db7fa374ed: ecda4b5474fef829208d2904f1300e86d6d0b04c:
DEBUG: ran git fetch --unshallow origin 042381a4446fca514299f45d28fd22db7fa374ed: ecda4b5474fef829208d2904f1300e86d6d0b04c: in 
DEBUG: LC_ALL=C JX_LOG_LEVEL=error git branch
DEBUG: LC_ALL=C JX_LOG_LEVEL=error git checkout master
DEBUG: ran git checkout master in 
DEBUG: LC_ALL=C JX_LOG_LEVEL=error git reset --hard ecda4b5474fef829208d2904f1300e86d6d0b04c
DEBUG: ran git reset --hard ecda4b5474fef829208d2904f1300e86d6d0b04c in 
DEBUG: JX_LOG_LEVEL=error LC_ALL=C git clean -fd .
DEBUG: ran clean --force -d . in 
DEBUG: LC_ALL=C JX_LOG_LEVEL=error git merge 042381a4446fca514299f45d28fd22db7fa374ed
DEBUG: ran git merge 042381a4446fca514299f45d28fd22db7fa374ed in 
DEBUG: JX_LOG_LEVEL=error LC_ALL=C git log --format=%H%x1f%an%x1f%ae%x1f%cn%x1f%ce%x1f%s%n%b%x1e ecda4b5474fef829208d2904f1300e86d6d0b04c..HEAD
Merged SHA 042381a4446fca514299f45d28fd22db7fa374ed with commit message 'chore: Promote bdd-nh-1586955983 to version 0.0.1' into base branch master

Showing logs for build [32mcb-kubecd-environment-pr-1407-1-zms7g-1[0m stage [32mfrom-build-pack[0m and container [32mstep-build-helm-build[0m
WARNING: No $CHART_REPOSITORY defined so using the default value of: http://jenkins-x-chartmuseum:8080
Adding missing Helm repo: storage.googleapis.com https://storage.googleapis.com/chartmuseum.jenkins-x.io
WARNING: No secrets found on "helm/repos" due: reading the secret "helm/repos" from vault: no secret "helm/repos" not found in vault
Read credentials for https://storage.googleapis.com/chartmuseum.jenkins-x.io from vault helm/repos
Successfully added Helm repository storage.googleapis.com.
Adding missing Helm repo: jenkins-x-chartmuseum http://jenkins-x-chartmuseum:8080
WARNING: No secrets found on "helm/repos" due: reading the secret "helm/repos" from vault: no secret "helm/repos" not found in vault
Read credentials for http://jenkins-x-chartmuseum:8080 from vault helm/repos
Successfully added Helm repository jenkins-x-chartmuseum.
WARNING: No $CHART_REPOSITORY defined so using the default value of: http://jenkins-x-chartmuseum:8080
Adding missing Helm repo: chartmuseum.jenkins-x.io http://chartmuseum.jenkins-x.io
WARNING: No secrets found on "helm/repos" due: reading the secret "helm/repos" from vault: no secret "helm/repos" not found in vault
Read credentials for http://chartmuseum.jenkins-x.io from vault helm/repos
Successfully added Helm repository chartmuseum.jenkins-x.io.
